0 info it worked if it ends with ok
1 verbose cli [ '/usr/bin/node', '/usr/bin/npm', 'install', '-g', 'karma' ]
2 info using npm@1.3.11
3 info using node@v0.10.21
4 verbose node symlink /usr/bin/node
5 verbose cache add [ 'karma', null ]
6 verbose cache add name=undefined spec="karma" args=["karma",null]
7 verbose parsed url { protocol: null,
7 verbose parsed url   slashes: null,
7 verbose parsed url   auth: null,
7 verbose parsed url   host: null,
7 verbose parsed url   port: null,
7 verbose parsed url   hostname: null,
7 verbose parsed url   hash: null,
7 verbose parsed url   search: null,
7 verbose parsed url   query: null,
7 verbose parsed url   pathname: 'karma',
7 verbose parsed url   path: 'karma',
7 verbose parsed url   href: 'karma' }
8 silly lockFile 512423cb-karma karma
9 verbose lock karma /home/dibster/.npm/512423cb-karma.lock
10 silly lockFile 512423cb-karma karma
11 silly lockFile 512423cb-karma karma
12 verbose addNamed [ 'karma', '' ]
13 verbose addNamed [ null, '*' ]
14 silly lockFile cd7961bb-karma karma@
15 verbose lock karma@ /home/dibster/.npm/cd7961bb-karma.lock
16 silly addNameRange { name: 'karma', range: '*', hasData: false }
17 verbose url raw karma
18 verbose url resolving [ 'https://registry.npmjs.org/', './karma' ]
19 verbose url resolved https://registry.npmjs.org/karma
20 info trying registry request attempt 1 at 16:25:19
21 verbose etag "4LC5IF2LJQZKQCIHAPUUV0LE1"
22 http GET https://registry.npmjs.org/karma
23 http 304 https://registry.npmjs.org/karma
24 silly registry.get cb [ 304,
24 silly registry.get   { server: 'CouchDB/1.3.1 (Erlang OTP/R15B03)',
24 silly registry.get     etag: '"4LC5IF2LJQZKQCIHAPUUV0LE1"',
24 silly registry.get     date: 'Mon, 28 Oct 2013 16:25:20 GMT',
24 silly registry.get     'content-length': '0' } ]
25 verbose etag karma from cache
26 silly addNameRange number 2 { name: 'karma', range: '*', hasData: true }
27 silly addNameRange versions [ 'karma',
27 silly addNameRange   [ '0.8.0',
27 silly addNameRange     '0.9.0-dart',
27 silly addNameRange     '0.8.1',
27 silly addNameRange     '0.8.2',
27 silly addNameRange     '0.8.3',
27 silly addNameRange     '0.9.0',
27 silly addNameRange     '0.8.4',
27 silly addNameRange     '0.9.1',
27 silly addNameRange     '0.8.5',
27 silly addNameRange     '0.9.2',
27 silly addNameRange     '0.9.2-dart',
27 silly addNameRange     '0.9.3',
27 silly addNameRange     '0.8.6',
27 silly addNameRange     '0.9.4',
27 silly addNameRange     '0.8.7',
27 silly addNameRange     '0.9.5',
27 silly addNameRange     '0.9.6',
27 silly addNameRange     '0.8.8',
27 silly addNameRange     '0.9.7',
27 silly addNameRange     '0.9.8',
27 silly addNameRange     '0.10.0',
27 silly addNameRange     '0.10.1',
27 silly addNameRange     '0.10.2',
27 silly addNameRange     '0.11.0',
27 silly addNameRange     '0.11.1',
27 silly addNameRange     '0.10.3',
27 silly addNameRange     '0.10.4' ] ]
28 verbose addNamed [ 'karma', '0.10.4' ]
29 verbose addNamed [ '0.10.4', '0.10.4' ]
30 silly lockFile e9d5c504-karma-0-10-4 karma@0.10.4
31 verbose lock karma@0.10.4 /home/dibster/.npm/e9d5c504-karma-0-10-4.lock
32 silly lockFile e9d5c504-karma-0-10-4 karma@0.10.4
33 silly lockFile e9d5c504-karma-0-10-4 karma@0.10.4
34 silly lockFile cd7961bb-karma karma@
35 silly lockFile cd7961bb-karma karma@
36 silly resolved [ { name: 'karma',
36 silly resolved     description: 'Spectacular Test Runner for JavaScript.',
36 silly resolved     homepage: 'http://karma-runner.github.io/',
36 silly resolved     repository: { type: 'git', url: 'git://github.com/karma-runner/karma.git' },
36 silly resolved     bugs: { url: 'https://github.com/karma-runner/karma/issues' },
36 silly resolved     keywords:
36 silly resolved      [ 'karma',
36 silly resolved        'spectacular',
36 silly resolved        'runner',
36 silly resolved        'karma',
36 silly resolved        'js',
36 silly resolved        'javascript',
36 silly resolved        'testing',
36 silly resolved        'test',
36 silly resolved        'remote',
36 silly resolved        'execution' ],
36 silly resolved     author: { name: 'Vojta Jína', email: 'vojta.jina@gmail.com' },
36 silly resolved     contributors:
36 silly resolved      [ [Object],
36 silly resolved        [Object],
36 silly resolved        [Object],
36 silly resolved        [Object],
36 silly resolved        [Object],
36 silly resolved        [Object],
36 silly resolved        [Object],
36 silly resolved        [Object],
36 silly resolved        [Object],
36 silly resolved        [Object],
36 silly resolved        [Object],
36 silly resolved        [Object],
36 silly resolved        [Object],
36 silly resolved        [Object],
36 silly resolved        [Object],
36 silly resolved        [Object],
36 silly resolved        [Object],
36 silly resolved        [Object],
36 silly resolved        [Object],
36 silly resolved        [Object],
36 silly resolved        [Object],
36 silly resolved        [Object],
36 silly resolved        [Object],
36 silly resolved        [Object],
36 silly resolved        [Object],
36 silly resolved        [Object],
36 silly resolved        [Object],
36 silly resolved        [Object],
36 silly resolved        [Object],
36 silly resolved        [Object],
36 silly resolved        [Object],
36 silly resolved        [Object],
36 silly resolved        [Object],
36 silly resolved        [Object],
36 silly resolved        [Object],
36 silly resolved        [Object],
36 silly resolved        [Object],
36 silly resolved        [Object],
36 silly resolved        [Object],
36 silly resolved        [Object],
36 silly resolved        [Object],
36 silly resolved        [Object],
36 silly resolved        [Object],
36 silly resolved        [Object],
36 silly resolved        [Object],
36 silly resolved        [Object],
36 silly resolved        [Object],
36 silly resolved        [Object],
36 silly resolved        [Object],
36 silly resolved        [Object],
36 silly resolved        [Object],
36 silly resolved        [Object],
36 silly resolved        [Object],
36 silly resolved        [Object],
36 silly resolved        [Object],
36 silly resolved        [Object],
36 silly resolved        [Object],
36 silly resolved        [Object],
36 silly resolved        [Object],
36 silly resolved        [Object],
36 silly resolved        [Object],
36 silly resolved        [Object],
36 silly resolved        [Object],
36 silly resolved        [Object],
36 silly resolved        [Object],
36 silly resolved        [Object],
36 silly resolved        [Object],
36 silly resolved        [Object] ],
36 silly resolved     dependencies:
36 silly resolved      { di: '~0.0.1',
36 silly resolved        'socket.io': '~0.9.13',
36 silly resolved        chokidar: '~0.7.0',
36 silly resolved        glob: '~3.1.21',
36 silly resolved        minimatch: '~0.2',
36 silly resolved        'http-proxy': '~0.10',
36 silly resolved        optimist: '~0.3',
36 silly resolved        'coffee-script': '~1.6',
36 silly resolved        rimraf: '~2.1',
36 silly resolved        q: '~0.9',
36 silly resolved        colors: '0.6.0-1',
36 silly resolved        lodash: '~1.1',
36 silly resolved        mime: '~1.2',
36 silly resolved        log4js: '~0.6.3',
36 silly resolved        useragent: '~2.0.4',
36 silly resolved        'graceful-fs': '~1.2.1',
36 silly resolved        connect: '~2.8.4' },
36 silly resolved     peerDependencies:
36 silly resolved      { 'karma-jasmine': '*',
36 silly resolved        'karma-requirejs': '*',
36 silly resolved        'karma-coffee-preprocessor': '*',
36 silly resolved        'karma-html2js-preprocessor': '*',
36 silly resolved        'karma-chrome-launcher': '*',
36 silly resolved        'karma-firefox-launcher': '*',
36 silly resolved        'karma-phantomjs-launcher': '*',
36 silly resolved        'karma-script-launcher': '*' },
36 silly resolved     devDependencies:
36 silly resolved      { grunt: '~0.4',
36 silly resolved        'grunt-simple-mocha': 'git://github.com/yaymukund/grunt-simple-mocha.git',
36 silly resolved        'grunt-contrib-jshint': '~0.3',
36 silly resolved        'grunt-coffeelint': '~0.0.6',
36 silly resolved        'grunt-npm': '~0.0.1',
36 silly resolved        'grunt-bump': '~0.0.10',
36 silly resolved        'grunt-conventional-changelog': '~1.0.0',
36 silly resolved        'grunt-auto-release': '~0.0.3',
36 silly resolved        mocks: '~0.0.10',
36 silly resolved        which: '~1.0',
36 silly resolved        'sinon-chai': '~2.3',
36 silly resolved        chai: '~1.5',
36 silly resolved        mocha: '~1.8',
36 silly resolved        sinon: '~1.6',
36 silly resolved        'timer-shim': '~0.2',
36 silly resolved        'chai-as-promised': '~3.2',
36 silly resolved        qq: '~0.3',
36 silly resolved        'karma-jasmine': '*',
36 silly resolved        'karma-mocha': '*',
36 silly resolved        'karma-qunit': '*',
36 silly resolved        'karma-coverage': '*',
36 silly resolved        'karma-requirejs': '*',
36 silly resolved        'karma-growl-reporter': '*',
36 silly resolved        'karma-junit-reporter': '*',
36 silly resolved        'karma-chrome-launcher': '*',
36 silly resolved        'karma-firefox-launcher': '*',
36 silly resolved        'karma-sauce-launcher': '*',
36 silly resolved        'karma-phantomjs-launcher': '*',
36 silly resolved        'karma-ng-scenario': '*',
36 silly resolved        'karma-coffee-preprocessor': '*',
36 silly resolved        'karma-html2js-preprocessor': '*',
36 silly resolved        'karma-browserstack-launcher': 'git://github.com/karma-runner/karma-browserstack-launcher.git',
36 silly resolved        semver: '~1.1.4',
36 silly resolved        'grunt-contrib-watch': '~0.5.0' },
36 silly resolved     main: './lib/index',
36 silly resolved     bin: { karma: './bin/karma' },
36 silly resolved     engines: { node: '~0.8 || ~0.10' },
36 silly resolved     version: '0.10.4',
36 silly resolved     readme: '# Karma [![Build Status](https://secure.travis-ci.org/karma-runner/karma.png?branch=master)](http://travis-ci.org/karma-runner/karma)\n\nA simple tool that allows you to execute JavaScript code in multiple\n_real_ browsers, powered by [Node.js] and [Socket.io].\n\n> The main purpose of Karma is to make your TDD development easy,\n>  fast, and fun.\n\n## When should I use Karma?\n\n* You want to test code in *real* browsers.\n* You want to test code in multiple browsers (desktop, mobile,\n  tablets, etc.).\n* You want to execute your tests locally during development.\n* You want to execute your tests on a continuous integration server.\n* You want to execute your tests on every save.\n* You love your terminal.\n* You don\'t want your (testing) life to suck.\n* You want to use [Istanbul] to automagically generate coverage\n  reports.\n* You want to use [RequireJS] for your source files.\n\n\n## But I still want to use \\_insert testing library\\_\n\nKarma is not a testing framework, neither an assertion library,\nso for that you can use pretty much anything you like. Right now out\nof the box there is support for\n\n* [Mocha]\n* [Jasmine]\n* [QUnit]\n* \\_anything else\\_ Write your own adapter. It\'s not that hard. And we\n  are here to help.\n\n\n## Which Browsers can I use?\n\nAll the major browsers are supported, if you want to know more see the\n[Browsers] page.\n\n\n## I want to use it. Where do I sign?\n\nYou don\'t need to sign anything but here are some resources to help\nyou to get started. And if you need even more infos have a look at our\ngreat [website].\n\n### Obligatory Screencast.\n\nEvery serious project has a screencast, so here is ours.  Just click\n[here] and let the show begin.\n\n### NPM Installation.\n\nIf you have [Node.js] installed, it\'s as simple as\n\n```bash\n$ npm install -g karma\n```\n\nThis will give you the latest stable version available on npm. If you\nwant to live life on the edge you can do so by\n\n```bash\n$ npm install -g karma@canary\n```\n\nThe curious can have a look at the documentation articles for\n[Getting Started] and [Versioning].\n\n### Using it.\n\nGo into your project and create a Karma configuration. That is\njust a simple JavaScript or CoffeeScript file that tells Karma\nwhere all the awesomeness of your project are.\n\nYou can find a simple example in\n[test/client/karma.conf.js](https://github.com/karma-runner/karma/blob/master/test/client/karma.conf.js)\nwhich contains most of the options.\n\nTo create your own from scratch there is the `init` command, which\nwill be named `karma.conf.js` by default:\n\n```bash\n$ karma init\n```\nThis will ask you many questions and if you answered them all correct\nyou will be allowed to use Karma.\n\nFor more information on the configuration options see\n[Configuration File Overview].\n\nNow that you have your configuration all that is left to do is to\nstart Karma:\n```bash\n$ karma start\n```\n\nIf you want to run tests manually (without auto watching file changes), you can:\n```bash\n$ karma run\n```\nBut only if you have started the Karma server before.\n\n\n## Why did you create this?\n\nThroughout the development of [AngularJS], we\'ve been using [JSTD] for\ntesting. I really think that JSTD is a great idea. Unfortunately, we\nhad many problems with JSTD, so we decided to write our own test\nrunner based on the same idea. We wanted a simple tool just for\nexecuting JavaScript tests that is both stable and fast. That\'s why we\nuse the awesome [Socket.io] library and [Node.js].\n\n\n## I still don\'t get it. Where can I get help?\n\n* [Docs]\n* [Mailing List]\n* [Issuetracker]\n* [@JsKarma] on Twitter\n\n## This is so great. I want to help.\n\nSee\n[Contributing.md](https://github.com/karma-runner/karma/blob/master/CONTRIBUTING.md)\nor the [docs] for more information.\n\n\n## My boss wants a license. So where is it?\n\n### The MIT License\n\n> Copyright (C) 2011-2013 Vojta Jína.\n>\n> Permission is hereby granted, free of charge, to any person\n> obtaining a copy of this software and associated documentation files\n> (the "Software"), to deal in the Software without restriction,\n> including without limitation the rights to use, copy, modify, merge,\n> publish, distribute, sublicense, and/or sell copies of the Software,\n> and to permit persons to whom the Software is furnished to do so,\n> subject to the following conditions:\n>\n> The above copyright notice and this permission notice shall be\n> included in all copies or substantial portions of the Software.\n>\n> THE SOFTWARE IS PROVIDED "AS IS", WITHOUT WARRANTY OF ANY KIND,\n> EXPRESS OR IMPLIED, INCLUDING BUT NOT LIMITED TO THE WARRANTIES OF\n> MERCHANTABILITY, FITNESS FOR A PARTICULAR PURPOSE AND\n> NONINFRINGEMENT. IN NO EVENT SHALL THE AUTHORS OR COPYRIGHT HOLDERS\n> BE LIABLE FOR ANY CLAIM, DAMAGES OR OTHER LIABILITY, WHETHER IN AN\n> ACTION OF CONTRACT, TORT OR OTHERWISE, ARISING FROM, OUT OF OR IN\n> CONNECTION WITH THE SOFTWARE OR THE USE OR OTHER DEALINGS IN THE\n> SOFTWARE.\n\n\n\n[AngularJS]: http://angularjs.org/\n[JSTD]: http://code.google.com/p/js-test-driver/\n[Socket.io]: http://socket.io/\n[Node.js]: http://nodejs.org/\n[Jasmine]: http://pivotal.github.io/jasmine/\n[Mocha]: http://visionmedia.github.io/mocha/\n[QUnit]: http://qunitjs.com/\n[here]: http://www.youtube.com/watch?v=MVw8N3hTfCI\n[Mailing List]: https://groups.google.com/forum/#!forum/karma-users\n[Issuetracker]: https://github.com/karma-runner/karma/issues\n[@JsKarma]: http://twitter.com/JsKarma\n[RequireJS]: http://requirejs.org/\n[Istanbul]: https://github.com/gotwarlost/istanbul\n\n[Browsers]: http://karma-runner.github.io/0.8/config/browsers.html\n[Versioning]: http://karma-runner.github.io/0.8/about/versioning.html\n[Configuration File Overview]: http://karma-runner.github.io/0.8/config/configuration-file.html\n[docs]: http://karma-runner.github.io\n[Docs]: http://karma-runner.github.io\n[website]: http://karma-runner.github.io\n',
36 silly resolved     readmeFilename: 'README.md',
36 silly resolved     _id: 'karma@0.10.4',
36 silly resolved     _from: 'karma@' } ]
37 info install karma@0.10.4 into /usr/lib
38 info installOne karma@0.10.4
39 info /usr/lib/node_modules/karma unbuild
40 info preuninstall karma@0.10.4
41 info uninstall karma@0.10.4
42 verbose true,/usr/lib/node_modules,/usr/lib/node_modules unbuild karma@0.10.4
43 verbose /usr/bin,[object Object] binRoot
44 info /usr/lib/node_modules/karma unbuild
45 info preuninstall karma@0.10.4
46 info uninstall karma@0.10.4
47 verbose true,/usr/lib/node_modules,/usr/lib/node_modules unbuild karma@0.10.4
48 verbose /usr/bin,[object Object] binRoot
49 error error rolling back Error: EACCES, unlink '/usr/bin/karma'
49 error error rolling back  karma@0.10.4 { [Error: EACCES, unlink '/usr/bin/karma'] errno: 3, code: 'EACCES', path: '/usr/bin/karma' }
50 error Error: EACCES, unlink '/usr/bin/karma'
50 error  { [Error: EACCES, unlink '/usr/bin/karma'] errno: 3, code: 'EACCES', path: '/usr/bin/karma' }
51 error Please try running this command again as root/Administrator.
52 error System Linux 3.8.0-32-generic
53 error command "/usr/bin/node" "/usr/bin/npm" "install" "-g" "karma"
54 error cwd /home/dibster/git/mean/kaboodle
55 error node -v v0.10.21
56 error npm -v 1.3.11
57 error path /usr/bin/karma
58 error code EACCES
59 error errno 3
60 error stack Error: EACCES, unlink '/usr/bin/karma'
61 verbose exit [ 3, true ]
